This file contains any messages produced by compilers while
running configure, to aid debugging if configure makes a mistake.

It was created by the fast lexical analyser generator configure 2.5.35, which was
generated by GNU Autoconf 2.59.  Invocation command line was

  $ ./configure CFLAGS=-O2 -I/home/fdkit/GPL-AirCam-v1.2/openwrt/staging_dir/host/include CPPFLAGS=-O2 -I/home/fdkit/GPL-AirCam-v1.2/openwrt/staging_dir/host/include LDFLAGS=-L/home/fdkit/GPL-AirCam-v1.2/openwrt/staging_dir/host/lib SHELL=/bin/bash --target=x86_64-redhat-linux --host=x86_64-redhat-linux --build=x86_64-redhat-linux --program-prefix= --program-suffix= --prefix=/home/fdkit/GPL-AirCam-v1.2/openwrt/staging_dir/host --exec-prefix=/home/fdkit/GPL-AirCam-v1.2/openwrt/staging_dir/host --sysconfdir=/home/fdkit/GPL-AirCam-v1.2/openwrt/staging_dir/host/etc --localstatedir=/home/fdkit/GPL-AirCam-v1.2/openwrt/staging_dir/host/var --sbindir=/home/fdkit/GPL-AirCam-v1.2/openwrt/staging_dir/host/bin

## --------- ##
## Platform. ##
## --------- ##

hostname = discordy
uname -m = x86_64
uname -r = 2.6.32-358.6.2.el6.x86_64
uname -s = Linux
uname -v = #1 SMP Thu May 16 20:59:36 UTC 2013

/usr/bin/uname -p = unknown
/bin/uname -X     = unknown

/bin/arch              = x86_64
/usr/bin/arch -k       = unknown
/usr/convex/getsysinfo = unknown
hostinfo               = unknown
/bin/machine           = unknown
/usr/bin/oslevel       = unknown
/bin/universe          = unknown

PATH: /home/fdkit/GPL-AirCam-v1.2/openwrt/staging_dir/toolchain-arm_v5te_gcc-linaro_uClibc-0.9.32_eabi/bin
PATH: /home/fdkit/GPL-AirCam-v1.2/openwrt/staging_dir/host/bin
PATH: /home/fdkit/GPL-AirCam-v1.2/openwrt/staging_dir/toolchain-arm_v5te_gcc-linaro_uClibc-0.9.32_eabi/bin
PATH: /home/fdkit/GPL-AirCam-v1.2/openwrt/staging_dir/host/bin
PATH: /home/fdkit/GPL-AirCam-v1.2/openwrt/staging_dir/toolchain-arm_v5te_gcc-linaro_uClibc-0.9.32_eabi/bin
PATH: /home/fdkit/GPL-AirCam-v1.2/openwrt/staging_dir/host/bin
PATH: /usr/local/bin
PATH: /bin
PATH: /usr/bin
PATH: /usr/local/sbin
PATH: /usr/sbin
PATH: /sbin
PATH: /home/fdkit/bin


## ----------- ##
## Core tests. ##
## ----------- ##

configure:1378: checking for a BSD-compatible install
configure:1433: result: /usr/bin/install -c
configure:1444: checking whether build environment is sane
configure:1487: result: yes
configure:1552: checking for gawk
configure:1568: found /bin/gawk
configure:1578: result: gawk
configure:1588: checking whether make sets $(MAKE)
configure:1608: result: yes
configure:1795: checking whether NLS is requested
configure:1804: result: yes
configure:1842: checking for msgfmt
configure:1876: result: no
configure:1882: checking for gmsgfmt
configure:1913: result: :
configure:1952: checking for xgettext
configure:1986: result: no
configure:2023: checking for msgmerge
configure:2056: result: no
configure:2116: checking for style of include used by make
configure:2144: result: GNU
configure:2177: checking for x86_64-redhat-linux-gcc
configure:2193: found /usr/bin/x86_64-redhat-linux-gcc
configure:2203: result: x86_64-redhat-linux-gcc
configure:2485: checking for C compiler version
configure:2488: x86_64-redhat-linux-gcc --version </dev/null >&5
x86_64-redhat-linux-gcc (GCC) 4.4.7 20120313 (Red Hat 4.4.7-3)
Copyright (C) 2010 Free Software Foundation, Inc.
This is free software; see the source for copying conditions.  There is NO
warranty; not even for MERCHANTABILITY or FITNESS FOR A PARTICULAR PURPOSE.

configure:2491: $? = 0
configure:2493: x86_64-redhat-linux-gcc -v </dev/null >&5
Using built-in specs.
Target: x86_64-redhat-linux
Configured with: ../configure --prefix=/usr --mandir=/usr/share/man --infodir=/usr/share/info --with-bugurl=http://bugzilla.redhat.com/bugzilla --enable-bootstrap --enable-shared --enable-threads=posix --enable-checking=release --with-system-zlib --enable-__cxa_atexit --disable-libunwind-exceptions --enable-gnu-unique-object --enable-languages=c,c++,objc,obj-c++,java,fortran,ada --enable-java-awt=gtk --disable-dssi --with-java-home=/usr/lib/jvm/java-1.5.0-gcj-1.5.0.0/jre --enable-libgcj-multifile --enable-java-maintainer-mode --with-ecj-jar=/usr/share/java/eclipse-ecj.jar --disable-libjava-multilib --with-ppl --with-cloog --with-tune=generic --with-arch_32=i686 --build=x86_64-redhat-linux
Thread model: posix
gcc version 4.4.7 20120313 (Red Hat 4.4.7-3) (GCC) 
configure:2496: $? = 0
configure:2498: x86_64-redhat-linux-gcc -V </dev/null >&5
x86_64-redhat-linux-gcc: '-V' option must have argument
configure:2501: $? = 1
configure:2524: checking for C compiler default output file name
configure:2527: x86_64-redhat-linux-gcc -O2 -I/home/fdkit/GPL-AirCam-v1.2/openwrt/staging_dir/host/include -O2 -I/home/fdkit/GPL-AirCam-v1.2/openwrt/staging_dir/host/include -L/home/fdkit/GPL-AirCam-v1.2/openwrt/staging_dir/host/lib conftest.c  >&5
configure:2530: $? = 0
configure:2576: result: a.out
configure:2581: checking whether the C compiler works
configure:2587: ./a.out
configure:2590: $? = 0
configure:2607: result: yes
configure:2614: checking whether we are cross compiling
configure:2616: result: no
configure:2619: checking for suffix of executables
configure:2621: x86_64-redhat-linux-gcc -o conftest -O2 -I/home/fdkit/GPL-AirCam-v1.2/openwrt/staging_dir/host/include -O2 -I/home/fdkit/GPL-AirCam-v1.2/openwrt/staging_dir/host/include -L/home/fdkit/GPL-AirCam-v1.2/openwrt/staging_dir/host/lib conftest.c  >&5
configure:2624: $? = 0
configure:2649: result: 
configure:2655: checking for suffix of object files
configure:2676: x86_64-redhat-linux-gcc -c -O2 -I/home/fdkit/GPL-AirCam-v1.2/openwrt/staging_dir/host/include -O2 -I/home/fdkit/GPL-AirCam-v1.2/openwrt/staging_dir/host/include conftest.c >&5
configure:2679: $? = 0
configure:2701: result: o
configure:2705: checking whether we are using the GNU C compiler
configure:2729: x86_64-redhat-linux-gcc -c -O2 -I/home/fdkit/GPL-AirCam-v1.2/openwrt/staging_dir/host/include -O2 -I/home/fdkit/GPL-AirCam-v1.2/openwrt/staging_dir/host/include conftest.c >&5
configure:2735: $? = 0
configure:2738: test -z 			 || test ! -s conftest.err
configure:2741: $? = 0
configure:2744: test -s conftest.o
configure:2747: $? = 0
configure:2760: result: yes
configure:2766: checking whether x86_64-redhat-linux-gcc accepts -g
configure:2787: x86_64-redhat-linux-gcc -c -g -O2 -I/home/fdkit/GPL-AirCam-v1.2/openwrt/staging_dir/host/include conftest.c >&5
configure:2793: $? = 0
configure:2796: test -z 			 || test ! -s conftest.err
configure:2799: $? = 0
configure:2802: test -s conftest.o
configure:2805: $? = 0
configure:2816: result: yes
configure:2833: checking for x86_64-redhat-linux-gcc option to accept ANSI C
configure:2903: x86_64-redhat-linux-gcc  -c -O2 -I/home/fdkit/GPL-AirCam-v1.2/openwrt/staging_dir/host/include -O2 -I/home/fdkit/GPL-AirCam-v1.2/openwrt/staging_dir/host/include conftest.c >&5
configure:2909: $? = 0
configure:2912: test -z 			 || test ! -s conftest.err
configure:2915: $? = 0
configure:2918: test -s conftest.o
configure:2921: $? = 0
configure:2939: result: none needed
configure:2957: x86_64-redhat-linux-gcc -c -O2 -I/home/fdkit/GPL-AirCam-v1.2/openwrt/staging_dir/host/include -O2 -I/home/fdkit/GPL-AirCam-v1.2/openwrt/staging_dir/host/include conftest.c >&5
conftest.c:2: error: expected '=', ',', ';', 'asm' or '__attribute__' before 'me'
configure:2963: $? = 1
configure: failed program was:
| #ifndef __cplusplus
|   choke me
| #endif
configure:3095: checking dependency style of x86_64-redhat-linux-gcc
configure:3185: result: gcc3
configure:3208: checking build system type
configure:3226: result: x86_64-redhat-linux-gnu
configure:3234: checking host system type
configure:3248: result: x86_64-redhat-linux-gnu
configure:3280: checking for ld used by GCC
configure:3343: result: /usr/bin/ld
configure:3352: checking if the linker (/usr/bin/ld) is GNU ld
GNU ld version 2.20.51.0.2-5.36.el6 20100205
configure:3364: result: yes
configure:3370: checking for shared library run path origin
configure:3383: result: done
configure:3800: checking whether NLS is requested
configure:3809: result: yes
configure:3827: checking for GNU gettext in libc
configure:3851: x86_64-redhat-linux-gcc -o conftest -O2 -I/home/fdkit/GPL-AirCam-v1.2/openwrt/staging_dir/host/include -O2 -I/home/fdkit/GPL-AirCam-v1.2/openwrt/staging_dir/host/include -L/home/fdkit/GPL-AirCam-v1.2/openwrt/staging_dir/host/lib conftest.c  >&5
conftest.c: In function 'main':
conftest.c:18: warning: cast from pointer to integer of different size
configure:3857: $? = 0
configure:3860: test -z 			 || test ! -s conftest.err
configure:3863: $? = 0
configure:3866: test -s conftest
configure:3869: $? = 0
configure:3881: result: yes
configure:4576: checking whether to use NLS
configure:4578: result: yes
configure:4581: checking where the gettext function comes from
configure:4592: result: libc
configure:4659: checking for bison
configure:4688: result: no
configure:4659: checking for byacc
configure:4688: result: no
configure:4700: checking for flex
configure:4716: found /usr/bin/flex
configure:4726: result: flex
configure:4739: checking for yywrap in -lfl
configure:4769: x86_64-redhat-linux-gcc -o conftest -O2 -I/home/fdkit/GPL-AirCam-v1.2/openwrt/staging_dir/host/include -O2 -I/home/fdkit/GPL-AirCam-v1.2/openwrt/staging_dir/host/include -L/home/fdkit/GPL-AirCam-v1.2/openwrt/staging_dir/host/lib conftest.c -lfl   >&5
configure:4775: $? = 0
configure:4778: test -z 			 || test ! -s conftest.err
configure:4781: $? = 0
configure:4784: test -s conftest
configure:4787: $? = 0
configure:4800: result: yes
configure:4877: checking lex output file root
configure:4888: flex conftest.l
configure:4891: $? = 0
configure:4903: result: lex.yy
configure:4908: checking whether yytext is a pointer
configure:4924: x86_64-redhat-linux-gcc -o conftest -O2 -I/home/fdkit/GPL-AirCam-v1.2/openwrt/staging_dir/host/include -O2 -I/home/fdkit/GPL-AirCam-v1.2/openwrt/staging_dir/host/include -L/home/fdkit/GPL-AirCam-v1.2/openwrt/staging_dir/host/lib conftest.c  -lfl >&5
configure:4930: $? = 0
configure:4933: test -z 			 || test ! -s conftest.err
configure:4936: $? = 0
configure:4939: test -s conftest
configure:4942: $? = 0
configure:4956: result: yes
configure:4978: checking for x86_64-redhat-linux-gcc
configure:5004: result: x86_64-redhat-linux-gcc
configure:5286: checking for C compiler version
configure:5289: x86_64-redhat-linux-gcc --version </dev/null >&5
x86_64-redhat-linux-gcc (GCC) 4.4.7 20120313 (Red Hat 4.4.7-3)
Copyright (C) 2010 Free Software Foundation, Inc.
This is free software; see the source for copying conditions.  There is NO
warranty; not even for MERCHANTABILITY or FITNESS FOR A PARTICULAR PURPOSE.

configure:5292: $? = 0
configure:5294: x86_64-redhat-linux-gcc -v </dev/null >&5
Using built-in specs.
Target: x86_64-redhat-linux
Configured with: ../configure --prefix=/usr --mandir=/usr/share/man --infodir=/usr/share/info --with-bugurl=http://bugzilla.redhat.com/bugzilla --enable-bootstrap --enable-shared --enable-threads=posix --enable-checking=release --with-system-zlib --enable-__cxa_atexit --disable-libunwind-exceptions --enable-gnu-unique-object --enable-languages=c,c++,objc,obj-c++,java,fortran,ada --enable-java-awt=gtk --disable-dssi --with-java-home=/usr/lib/jvm/java-1.5.0-gcj-1.5.0.0/jre --enable-libgcj-multifile --enable-java-maintainer-mode --with-ecj-jar=/usr/share/java/eclipse-ecj.jar --disable-libjava-multilib --with-ppl --with-cloog --with-tune=generic --with-arch_32=i686 --build=x86_64-redhat-linux
Thread model: posix
gcc version 4.4.7 20120313 (Red Hat 4.4.7-3) (GCC) 
configure:5297: $? = 0
configure:5299: x86_64-redhat-linux-gcc -V </dev/null >&5
x86_64-redhat-linux-gcc: '-V' option must have argument
configure:5302: $? = 1
configure:5305: checking whether we are using the GNU C compiler
configure:5360: result: yes
configure:5366: checking whether x86_64-redhat-linux-gcc accepts -g
configure:5416: result: yes
configure:5433: checking for x86_64-redhat-linux-gcc option to accept ANSI C
configure:5539: result: none needed
configure:5557: x86_64-redhat-linux-gcc -c -O2 -I/home/fdkit/GPL-AirCam-v1.2/openwrt/staging_dir/host/include -O2 -I/home/fdkit/GPL-AirCam-v1.2/openwrt/staging_dir/host/include conftest.c >&5
conftest.c:2: error: expected '=', ',', ';', 'asm' or '__attribute__' before 'me'
configure:5563: $? = 1
configure: failed program was:
| #ifndef __cplusplus
|   choke me
| #endif
configure:5695: checking dependency style of x86_64-redhat-linux-gcc
configure:5785: result: gcc3
configure:5812: checking for x86_64-redhat-linux-g++
configure:5828: found /usr/bin/x86_64-redhat-linux-g++
configure:5838: result: x86_64-redhat-linux-g++
configure:5896: checking for C++ compiler version
configure:5899: x86_64-redhat-linux-g++ --version </dev/null >&5
x86_64-redhat-linux-g++ (GCC) 4.4.7 20120313 (Red Hat 4.4.7-3)
Copyright (C) 2010 Free Software Foundation, Inc.
This is free software; see the source for copying conditions.  There is NO
warranty; not even for MERCHANTABILITY or FITNESS FOR A PARTICULAR PURPOSE.

configure:5902: $? = 0
configure:5904: x86_64-redhat-linux-g++ -v </dev/null >&5
Using built-in specs.
Target: x86_64-redhat-linux
Configured with: ../configure --prefix=/usr --mandir=/usr/share/man --infodir=/usr/share/info --with-bugurl=http://bugzilla.redhat.com/bugzilla --enable-bootstrap --enable-shared --enable-threads=posix --enable-checking=release --with-system-zlib --enable-__cxa_atexit --disable-libunwind-exceptions --enable-gnu-unique-object --enable-languages=c,c++,objc,obj-c++,java,fortran,ada --enable-java-awt=gtk --disable-dssi --with-java-home=/usr/lib/jvm/java-1.5.0-gcj-1.5.0.0/jre --enable-libgcj-multifile --enable-java-maintainer-mode --with-ecj-jar=/usr/share/java/eclipse-ecj.jar --disable-libjava-multilib --with-ppl --with-cloog --with-tune=generic --with-arch_32=i686 --build=x86_64-redhat-linux
Thread model: posix
gcc version 4.4.7 20120313 (Red Hat 4.4.7-3) (GCC) 
configure:5907: $? = 0
configure:5909: x86_64-redhat-linux-g++ -V </dev/null >&5
x86_64-redhat-linux-g++: '-V' option must have argument
configure:5912: $? = 1
configure:5915: checking whether we are using the GNU C++ compiler
configure:5939: x86_64-redhat-linux-g++ -c  -O2 -I/home/fdkit/GPL-AirCam-v1.2/openwrt/staging_dir/host/include conftest.cc >&5
configure:5945: $? = 0
configure:5948: test -z 			 || test ! -s conftest.err
configure:5951: $? = 0
configure:5954: test -s conftest.o
configure:5957: $? = 0
configure:5970: result: yes
configure:5976: checking whether x86_64-redhat-linux-g++ accepts -g
configure:5997: x86_64-redhat-linux-g++ -c -g -O2 -I/home/fdkit/GPL-AirCam-v1.2/openwrt/staging_dir/host/include conftest.cc >&5
configure:6003: $? = 0
configure:6006: test -z 			 || test ! -s conftest.err
configure:6009: $? = 0
configure:6012: test -s conftest.o
configure:6015: $? = 0
configure:6026: result: yes
configure:6068: x86_64-redhat-linux-g++ -c -g -O2 -O2 -I/home/fdkit/GPL-AirCam-v1.2/openwrt/staging_dir/host/include conftest.cc >&5
configure:6074: $? = 0
configure:6077: test -z 			 || test ! -s conftest.err
configure:6080: $? = 0
configure:6083: test -s conftest.o
configure:6086: $? = 0
configure:6112: x86_64-redhat-linux-g++ -c -g -O2 -O2 -I/home/fdkit/GPL-AirCam-v1.2/openwrt/staging_dir/host/include conftest.cc >&5
conftest.cc: In function 'int main()':
conftest.cc:19: error: 'exit' was not declared in this scope
configure:6118: $? = 1
configure: failed program was:
| /* confdefs.h.  */
| 
| #define PACKAGE_NAME "the fast lexical analyser generator"
| #define PACKAGE_TARNAME "flex"
| #define PACKAGE_VERSION "2.5.35"
| #define PACKAGE_STRING "the fast lexical analyser generator 2.5.35"
| #define PACKAGE_BUGREPORT "flex-help@lists.sourceforge.net"
| #define PACKAGE "flex"
| #define VERSION "2.5.35"
| #define ENABLE_NLS 1
| #define HAVE_GETTEXT 1
| #define HAVE_DCGETTEXT 1
| #define YYTEXT_POINTER 1
| /* end confdefs.h.  */
| 
| int
| main ()
| {
| exit (42);
|   ;
|   return 0;
| }
configure:6068: x86_64-redhat-linux-g++ -c -g -O2 -O2 -I/home/fdkit/GPL-AirCam-v1.2/openwrt/staging_dir/host/include conftest.cc >&5
conftest.cc:15: error: 'void std::exit(int)' should have been declared inside 'std'
configure:6074: $? = 1
configure: failed program was:
| /* confdefs.h.  */
| 
| #define PACKAGE_NAME "the fast lexical analyser generator"
| #define PACKAGE_TARNAME "flex"
| #define PACKAGE_VERSION "2.5.35"
| #define PACKAGE_STRING "the fast lexical analyser generator 2.5.35"
| #define PACKAGE_BUGREPORT "flex-help@lists.sourceforge.net"
| #define PACKAGE "flex"
| #define VERSION "2.5.35"
| #define ENABLE_NLS 1
| #define HAVE_GETTEXT 1
| #define HAVE_DCGETTEXT 1
| #define YYTEXT_POINTER 1
| /* end confdefs.h.  */
| extern "C" void std::exit (int) throw (); using std::exit;
| #include <stdlib.h>
| int
| main ()
| {
| exit (42);
|   ;
|   return 0;
| }
configure:6068: x86_64-redhat-linux-g++ -c -g -O2 -O2 -I/home/fdkit/GPL-AirCam-v1.2/openwrt/staging_dir/host/include conftest.cc >&5
conftest.cc:15: error: 'void std::exit(int)' should have been declared inside 'std'
In file included from conftest.cc:16:
/usr/include/stdlib.h:544: error: declaration of 'void std::exit(int) throw ()' throws different exceptions
conftest.cc:15: error: from previous declaration 'void std::exit(int)'
configure:6074: $? = 1
configure: failed program was:
| /* confdefs.h.  */
| 
| #define PACKAGE_NAME "the fast lexical analyser generator"
| #define PACKAGE_TARNAME "flex"
| #define PACKAGE_VERSION "2.5.35"
| #define PACKAGE_STRING "the fast lexical analyser generator 2.5.35"
| #define PACKAGE_BUGREPORT "flex-help@lists.sourceforge.net"
| #define PACKAGE "flex"
| #define VERSION "2.5.35"
| #define ENABLE_NLS 1
| #define HAVE_GETTEXT 1
| #define HAVE_DCGETTEXT 1
| #define YYTEXT_POINTER 1
| /* end confdefs.h.  */
| extern "C" void std::exit (int); using std::exit;
| #include <stdlib.h>
| int
| main ()
| {
| exit (42);
|   ;
|   return 0;
| }
configure:6068: x86_64-redhat-linux-g++ -c -g -O2 -O2 -I/home/fdkit/GPL-AirCam-v1.2/openwrt/staging_dir/host/include conftest.cc >&5
configure:6074: $? = 0
configure:6077: test -z 			 || test ! -s conftest.err
configure:6080: $? = 0
configure:6083: test -s conftest.o
configure:6086: $? = 0
configure:6112: x86_64-redhat-linux-g++ -c -g -O2 -O2 -I/home/fdkit/GPL-AirCam-v1.2/openwrt/staging_dir/host/include conftest.cc >&5
configure:6118: $? = 0
configure:6121: test -z 			 || test ! -s conftest.err
configure:6124: $? = 0
configure:6127: test -s conftest.o
configure:6130: $? = 0
configure:6155: checking dependency style of x86_64-redhat-linux-g++
configure:6245: result: gcc3
configure:6262: checking whether ln -s works
configure:6266: result: yes
configure:6276: checking for x86_64-redhat-linux-ranlib
configure:6305: result: no
configure:6314: checking for ranlib
configure:6330: found /usr/bin/ranlib
configure:6341: result: ranlib
configure:6357: checking for gawk
configure:6383: result: gawk
configure:6406: checking for a BSD-compatible install
configure:6461: result: /usr/bin/install -c
configure:6475: checking for bison
configure:6506: result: bison
configure:6515: checking for help2man
configure:6546: result: help2man
configure:6560: checking for gm4
configure:6593: result: no
configure:6560: checking for gnum4
configure:6593: result: no
configure:6560: checking for m4
configure:6578: found /home/fdkit/GPL-AirCam-v1.2/openwrt/staging_dir/host/bin/m4
configure:6590: result: /home/fdkit/GPL-AirCam-v1.2/openwrt/staging_dir/host/bin/m4
configure:6603: checking for GNU m4
configure:6606: result: yes
configure:6628: checking for indent
configure:6659: result: indent
configure:6680: WARNING: no indent program found: make indent target will not function
configure:6691: checking how to run the C preprocessor
configure:6726: x86_64-redhat-linux-gcc -E -O2 -I/home/fdkit/GPL-AirCam-v1.2/openwrt/staging_dir/host/include conftest.c
configure:6732: $? = 0
configure:6764: x86_64-redhat-linux-gcc -E -O2 -I/home/fdkit/GPL-AirCam-v1.2/openwrt/staging_dir/host/include conftest.c
conftest.c:19:28: error: ac_nonexistent.h: No such file or directory
configure:6770: $? = 1
configure: failed program was:
| /* confdefs.h.  */
| 
| #define PACKAGE_NAME "the fast lexical analyser generator"
| #define PACKAGE_TARNAME "flex"
| #define PACKAGE_VERSION "2.5.35"
| #define PACKAGE_STRING "the fast lexical analyser generator 2.5.35"
| #define PACKAGE_BUGREPORT "flex-help@lists.sourceforge.net"
| #define PACKAGE "flex"
| #define VERSION "2.5.35"
| #define ENABLE_NLS 1
| #define HAVE_GETTEXT 1
| #define HAVE_DCGETTEXT 1
| #define YYTEXT_POINTER 1
| #ifdef __cplusplus
| extern "C" void exit (int) throw ();
| #endif
| #define M4 "/home/fdkit/GPL-AirCam-v1.2/openwrt/staging_dir/host/bin/m4"
| /* end confdefs.h.  */
| #include <ac_nonexistent.h>
configure:6809: result: x86_64-redhat-linux-gcc -E
configure:6833: x86_64-redhat-linux-gcc -E -O2 -I/home/fdkit/GPL-AirCam-v1.2/openwrt/staging_dir/host/include conftest.c
configure:6839: $? = 0
configure:6871: x86_64-redhat-linux-gcc -E -O2 -I/home/fdkit/GPL-AirCam-v1.2/openwrt/staging_dir/host/include conftest.c
conftest.c:19:28: error: ac_nonexistent.h: No such file or directory
configure:6877: $? = 1
configure: failed program was:
| /* confdefs.h.  */
| 
| #define PACKAGE_NAME "the fast lexical analyser generator"
| #define PACKAGE_TARNAME "flex"
| #define PACKAGE_VERSION "2.5.35"
| #define PACKAGE_STRING "the fast lexical analyser generator 2.5.35"
| #define PACKAGE_BUGREPORT "flex-help@lists.sourceforge.net"
| #define PACKAGE "flex"
| #define VERSION "2.5.35"
| #define ENABLE_NLS 1
| #define HAVE_GETTEXT 1
| #define HAVE_DCGETTEXT 1
| #define YYTEXT_POINTER 1
| #ifdef __cplusplus
| extern "C" void exit (int) throw ();
| #endif
| #define M4 "/home/fdkit/GPL-AirCam-v1.2/openwrt/staging_dir/host/bin/m4"
| /* end confdefs.h.  */
| #include <ac_nonexistent.h>
configure:6921: checking for egrep
configure:6931: result: grep -E
configure:6938: checking for working alloca.h
configure:6959: x86_64-redhat-linux-gcc -o conftest -O2 -I/home/fdkit/GPL-AirCam-v1.2/openwrt/staging_dir/host/include -O2 -I/home/fdkit/GPL-AirCam-v1.2/openwrt/staging_dir/host/include -L/home/fdkit/GPL-AirCam-v1.2/openwrt/staging_dir/host/lib conftest.c  >&5
configure:6965: $? = 0
configure:6968: test -z 			 || test ! -s conftest.err
configure:6971: $? = 0
configure:6974: test -s conftest
configure:6977: $? = 0
configure:6989: result: yes
configure:6999: checking for alloca
configure:7040: x86_64-redhat-linux-gcc -o conftest -O2 -I/home/fdkit/GPL-AirCam-v1.2/openwrt/staging_dir/host/include -O2 -I/home/fdkit/GPL-AirCam-v1.2/openwrt/staging_dir/host/include -L/home/fdkit/GPL-AirCam-v1.2/openwrt/staging_dir/host/lib conftest.c  >&5
configure:7046: $? = 0
configure:7049: test -z 			 || test ! -s conftest.err
configure:7052: $? = 0
configure:7055: test -s conftest
configure:7058: $? = 0
configure:7070: result: yes
configure:7292: checking for ANSI C header files
configure:7317: x86_64-redhat-linux-gcc -c -O2 -I/home/fdkit/GPL-AirCam-v1.2/openwrt/staging_dir/host/include -O2 -I/home/fdkit/GPL-AirCam-v1.2/openwrt/staging_dir/host/include conftest.c >&5
configure:7323: $? = 0
configure:7326: test -z 			 || test ! -s conftest.err
configure:7329: $? = 0
configure:7332: test -s conftest.o
configure:7335: $? = 0
configure:7424: x86_64-redhat-linux-gcc -o conftest -O2 -I/home/fdkit/GPL-AirCam-v1.2/openwrt/staging_dir/host/include -O2 -I/home/fdkit/GPL-AirCam-v1.2/openwrt/staging_dir/host/include -L/home/fdkit/GPL-AirCam-v1.2/openwrt/staging_dir/host/lib conftest.c  >&5
conftest.c: In function 'main':
conftest.c:38: warning: incompatible implicit declaration of built-in function 'exit'
configure:7427: $? = 0
configure:7429: ./conftest
configure:7432: $? = 0
configure:7447: result: yes
configure:7457: checking for sys/wait.h that is POSIX.1 compatible
configure:7488: x86_64-redhat-linux-gcc -c -O2 -I/home/fdkit/GPL-AirCam-v1.2/openwrt/staging_dir/host/include -O2 -I/home/fdkit/GPL-AirCam-v1.2/openwrt/staging_dir/host/include conftest.c >&5
configure:7494: $? = 0
configure:7497: test -z 			 || test ! -s conftest.err
configure:7500: $? = 0
configure:7503: test -s conftest.o
configure:7506: $? = 0
configure:7517: result: yes
configure:7541: checking for sys/types.h
configure:7557: x86_64-redhat-linux-gcc -c -O2 -I/home/fdkit/GPL-AirCam-v1.2/openwrt/staging_dir/host/include -O2 -I/home/fdkit/GPL-AirCam-v1.2/openwrt/staging_dir/host/include conftest.c >&5
configure:7563: $? = 0
configure:7566: test -z 			 || test ! -s conftest.err
configure:7569: $? = 0
configure:7572: test -s conftest.o
configure:7575: $? = 0
configure:7586: result: yes
configure:7541: checking for sys/stat.h
configure:7557: x86_64-redhat-linux-gcc -c -O2 -I/home/fdkit/GPL-AirCam-v1.2/openwrt/staging_dir/host/include -O2 -I/home/fdkit/GPL-AirCam-v1.2/openwrt/staging_dir/host/include conftest.c >&5
configure:7563: $? = 0
configure:7566: test -z 			 || test ! -s conftest.err
configure:7569: $? = 0
configure:7572: test -s conftest.o
configure:7575: $? = 0
configure:7586: result: yes
configure:7541: checking for stdlib.h
configure:7557: x86_64-redhat-linux-gcc -c -O2 -I/home/fdkit/GPL-AirCam-v1.2/openwrt/staging_dir/host/include -O2 -I/home/fdkit/GPL-AirCam-v1.2/openwrt/staging_dir/host/include conftest.c >&5
configure:7563: $? = 0
configure:7566: test -z 			 || test ! -s conftest.err
configure:7569: $? = 0
configure:7572: test -s conftest.o
configure:7575: $? = 0
configure:7586: result: yes
configure:7541: checking for string.h
configure:7557: x86_64-redhat-linux-gcc -c -O2 -I/home/fdkit/GPL-AirCam-v1.2/openwrt/staging_dir/host/include -O2 -I/home/fdkit/GPL-AirCam-v1.2/openwrt/staging_dir/host/include conftest.c >&5
configure:7563: $? = 0
configure:7566: test -z 			 || test ! -s conftest.err
configure:7569: $? = 0
configure:7572: test -s conftest.o
configure:7575: $? = 0
configure:7586: result: yes
configure:7541: checking for memory.h
configure:7557: x86_64-redhat-linux-gcc -c -O2 -I/home/fdkit/GPL-AirCam-v1.2/openwrt/staging_dir/host/include -O2 -I/home/fdkit/GPL-AirCam-v1.2/openwrt/staging_dir/host/include conftest.c >&5
configure:7563: $? = 0
configure:7566: test -z 			 || test ! -s conftest.err
configure:7569: $? = 0
configure:7572: test -s conftest.o
configure:7575: $? = 0
configure:7586: result: yes
configure:7541: checking for strings.h
configure:7557: x86_64-redhat-linux-gcc -c -O2 -I/home/fdkit/GPL-AirCam-v1.2/openwrt/staging_dir/host/include -O2 -I/home/fdkit/GPL-AirCam-v1.2/openwrt/staging_dir/host/include conftest.c >&5
configure:7563: $? = 0
configure:7566: test -z 			 || test ! -s conftest.err
configure:7569: $? = 0
configure:7572: test -s conftest.o
configure:7575: $? = 0
configure:7586: result: yes
configure:7541: checking for inttypes.h
configure:7557: x86_64-redhat-linux-gcc -c -O2 -I/home/fdkit/GPL-AirCam-v1.2/openwrt/staging_dir/host/include -O2 -I/home/fdkit/GPL-AirCam-v1.2/openwrt/staging_dir/host/include conftest.c >&5
configure:7563: $? = 0
configure:7566: test -z 			 || test ! -s conftest.err
configure:7569: $? = 0
configure:7572: test -s conftest.o
configure:7575: $? = 0
configure:7586: result: yes
configure:7541: checking for stdint.h
configure:7557: x86_64-redhat-linux-gcc -c -O2 -I/home/fdkit/GPL-AirCam-v1.2/openwrt/staging_dir/host/include -O2 -I/home/fdkit/GPL-AirCam-v1.2/openwrt/staging_dir/host/include conftest.c >&5
configure:7563: $? = 0
configure:7566: test -z 			 || test ! -s conftest.err
configure:7569: $? = 0
configure:7572: test -s conftest.o
configure:7575: $? = 0
configure:7586: result: yes
configure:7541: checking for unistd.h
configure:7557: x86_64-redhat-linux-gcc -c -O2 -I/home/fdkit/GPL-AirCam-v1.2/openwrt/staging_dir/host/include -O2 -I/home/fdkit/GPL-AirCam-v1.2/openwrt/staging_dir/host/include conftest.c >&5
configure:7563: $? = 0
configure:7566: test -z 			 || test ! -s conftest.err
configure:7569: $? = 0
configure:7572: test -s conftest.o
configure:7575: $? = 0
configure:7586: result: yes
configure:7613: checking for inttypes.h
configure:7618: result: yes
configure:7622: checking libintl.h usability
configure:7634: x86_64-redhat-linux-gcc -c -O2 -I/home/fdkit/GPL-AirCam-v1.2/openwrt/staging_dir/host/include -O2 -I/home/fdkit/GPL-AirCam-v1.2/openwrt/staging_dir/host/include conftest.c >&5
configure:7640: $? = 0
configure:7643: test -z 			 || test ! -s conftest.err
configure:7646: $? = 0
configure:7649: test -s conftest.o
configure:7652: $? = 0
configure:7662: result: yes
configure:7666: checking libintl.h presence
configure:7676: x86_64-redhat-linux-gcc -E -O2 -I/home/fdkit/GPL-AirCam-v1.2/openwrt/staging_dir/host/include conftest.c
configure:7682: $? = 0
configure:7702: result: yes
configure:7737: checking for libintl.h
configure:7744: result: yes
configure:7622: checking limits.h usability
configure:7634: x86_64-redhat-linux-gcc -c -O2 -I/home/fdkit/GPL-AirCam-v1.2/openwrt/staging_dir/host/include -O2 -I/home/fdkit/GPL-AirCam-v1.2/openwrt/staging_dir/host/include conftest.c >&5
configure:7640: $? = 0
configure:7643: test -z 			 || test ! -s conftest.err
configure:7646: $? = 0
configure:7649: test -s conftest.o
configure:7652: $? = 0
configure:7662: result: yes
configure:7666: checking limits.h presence
configure:7676: x86_64-redhat-linux-gcc -E -O2 -I/home/fdkit/GPL-AirCam-v1.2/openwrt/staging_dir/host/include conftest.c
configure:7682: $? = 0
configure:7702: result: yes
configure:7737: checking for limits.h
configure:7744: result: yes
configure:7622: checking locale.h usability
configure:7634: x86_64-redhat-linux-gcc -c -O2 -I/home/fdkit/GPL-AirCam-v1.2/openwrt/staging_dir/host/include -O2 -I/home/fdkit/GPL-AirCam-v1.2/openwrt/staging_dir/host/include conftest.c >&5
configure:7640: $? = 0
configure:7643: test -z 			 || test ! -s conftest.err
configure:7646: $? = 0
configure:7649: test -s conftest.o
configure:7652: $? = 0
configure:7662: result: yes
configure:7666: checking locale.h presence
configure:7676: x86_64-redhat-linux-gcc -E -O2 -I/home/fdkit/GPL-AirCam-v1.2/openwrt/staging_dir/host/include conftest.c
configure:7682: $? = 0
configure:7702: result: yes
configure:7737: checking for locale.h
configure:7744: result: yes
configure:7622: checking malloc.h usability
configure:7634: x86_64-redhat-linux-gcc -c -O2 -I/home/fdkit/GPL-AirCam-v1.2/openwrt/staging_dir/host/include -O2 -I/home/fdkit/GPL-AirCam-v1.2/openwrt/staging_dir/host/include conftest.c >&5
configure:7640: $? = 0
configure:7643: test -z 			 || test ! -s conftest.err
configure:7646: $? = 0
configure:7649: test -s conftest.o
configure:7652: $? = 0
configure:7662: result: yes
configure:7666: checking malloc.h presence
configure:7676: x86_64-redhat-linux-gcc -E -O2 -I/home/fdkit/GPL-AirCam-v1.2/openwrt/staging_dir/host/include conftest.c
configure:7682: $? = 0
configure:7702: result: yes
configure:7737: checking for malloc.h
configure:7744: result: yes
configure:7622: checking netinet/in.h usability
configure:7634: x86_64-redhat-linux-gcc -c -O2 -I/home/fdkit/GPL-AirCam-v1.2/openwrt/staging_dir/host/include -O2 -I/home/fdkit/GPL-AirCam-v1.2/openwrt/staging_dir/host/include conftest.c >&5
configure:7640: $? = 0
configure:7643: test -z 			 || test ! -s conftest.err
configure:7646: $? = 0
configure:7649: test -s conftest.o
configure:7652: $? = 0
configure:7662: result: yes
configure:7666: checking netinet/in.h presence
configure:7676: x86_64-redhat-linux-gcc -E -O2 -I/home/fdkit/GPL-AirCam-v1.2/openwrt/staging_dir/host/include conftest.c
configure:7682: $? = 0
configure:7702: result: yes
configure:7737: checking for netinet/in.h
configure:7744: result: yes
configure:7622: checking stddef.h usability
configure:7634: x86_64-redhat-linux-gcc -c -O2 -I/home/fdkit/GPL-AirCam-v1.2/openwrt/staging_dir/host/include -O2 -I/home/fdkit/GPL-AirCam-v1.2/openwrt/staging_dir/host/include conftest.c >&5
configure:7640: $? = 0
configure:7643: test -z 			 || test ! -s conftest.err
configure:7646: $? = 0
configure:7649: test -s conftest.o
configure:7652: $? = 0
configure:7662: result: yes
configure:7666: checking stddef.h presence
configure:7676: x86_64-redhat-linux-gcc -E -O2 -I/home/fdkit/GPL-AirCam-v1.2/openwrt/staging_dir/host/include conftest.c
configure:7682: $? = 0
configure:7702: result: yes
configure:7737: checking for stddef.h
configure:7744: result: yes
configure:7613: checking for stdlib.h
configure:7618: result: yes
configure:7613: checking for string.h
configure:7618: result: yes
configure:7613: checking for strings.h
configure:7618: result: yes
configure:7613: checking for unistd.h
configure:7618: result: yes
configure:7758: checking for log10 in -lm
configure:7788: x86_64-redhat-linux-gcc -o conftest -O2 -I/home/fdkit/GPL-AirCam-v1.2/openwrt/staging_dir/host/include -O2 -I/home/fdkit/GPL-AirCam-v1.2/openwrt/staging_dir/host/include -L/home/fdkit/GPL-AirCam-v1.2/openwrt/staging_dir/host/lib conftest.c -lm   >&5
conftest.c:50: warning: conflicting types for built-in function 'log10'
configure:7794: $? = 0
configure:7797: test -z 			 || test ! -s conftest.err
configure:7800: $? = 0
configure:7803: test -s conftest
configure:7806: $? = 0
configure:7819: result: yes
configure:7835: checking for pthread_mutex_lock in -lpthread
configure:7865: x86_64-redhat-linux-gcc -o conftest -O2 -I/home/fdkit/GPL-AirCam-v1.2/openwrt/staging_dir/host/include -O2 -I/home/fdkit/GPL-AirCam-v1.2/openwrt/staging_dir/host/include -L/home/fdkit/GPL-AirCam-v1.2/openwrt/staging_dir/host/lib conftest.c -lpthread  -lm  >&5
configure:7871: $? = 0
configure:7874: test -z 			 || test ! -s conftest.err
configure:7877: $? = 0
configure:7880: test -s conftest
configure:7883: $? = 0
configure:7896: result: yes
configure:7927: checking pthread.h usability
configure:7939: x86_64-redhat-linux-gcc -c -O2 -I/home/fdkit/GPL-AirCam-v1.2/openwrt/staging_dir/host/include -O2 -I/home/fdkit/GPL-AirCam-v1.2/openwrt/staging_dir/host/include conftest.c >&5
configure:7945: $? = 0
configure:7948: test -z 			 || test ! -s conftest.err
configure:7951: $? = 0
configure:7954: test -s conftest.o
configure:7957: $? = 0
configure:7967: result: yes
configure:7971: checking pthread.h presence
configure:7981: x86_64-redhat-linux-gcc -E -O2 -I/home/fdkit/GPL-AirCam-v1.2/openwrt/staging_dir/host/include conftest.c
configure:7987: $? = 0
configure:8007: result: yes
configure:8042: checking for pthread.h
configure:8049: result: yes
configure:8065: checking for stdbool.h that conforms to C99
configure:8118: x86_64-redhat-linux-gcc -c -O2 -I/home/fdkit/GPL-AirCam-v1.2/openwrt/staging_dir/host/include -O2 -I/home/fdkit/GPL-AirCam-v1.2/openwrt/staging_dir/host/include conftest.c >&5
configure:8124: $? = 0
configure:8127: test -z 			 || test ! -s conftest.err
configure:8130: $? = 0
configure:8133: test -s conftest.o
configure:8136: $? = 0
configure:8147: result: yes
configure:8149: checking for _Bool
configure:8173: x86_64-redhat-linux-gcc -c -O2 -I/home/fdkit/GPL-AirCam-v1.2/openwrt/staging_dir/host/include -O2 -I/home/fdkit/GPL-AirCam-v1.2/openwrt/staging_dir/host/include conftest.c >&5
configure:8179: $? = 0
configure:8182: test -z 			 || test ! -s conftest.err
configure:8185: $? = 0
configure:8188: test -s conftest.o
configure:8191: $? = 0
configure:8202: result: yes
configure:8221: checking for an ANSI C-conforming const
configure:8288: x86_64-redhat-linux-gcc -c -O2 -I/home/fdkit/GPL-AirCam-v1.2/openwrt/staging_dir/host/include -O2 -I/home/fdkit/GPL-AirCam-v1.2/openwrt/staging_dir/host/include conftest.c >&5
configure:8294: $? = 0
configure:8297: test -z 			 || test ! -s conftest.err
configure:8300: $? = 0
configure:8303: test -s conftest.o
configure:8306: $? = 0
configure:8317: result: yes
configure:8327: checking for size_t
configure:8351: x86_64-redhat-linux-gcc -c -O2 -I/home/fdkit/GPL-AirCam-v1.2/openwrt/staging_dir/host/include -O2 -I/home/fdkit/GPL-AirCam-v1.2/openwrt/staging_dir/host/include conftest.c >&5
configure:8357: $? = 0
configure:8360: test -z 			 || test ! -s conftest.err
configure:8363: $? = 0
configure:8366: test -s conftest.o
configure:8369: $? = 0
configure:8380: result: yes
configure:8395: checking for pid_t
configure:8419: x86_64-redhat-linux-gcc -c -O2 -I/home/fdkit/GPL-AirCam-v1.2/openwrt/staging_dir/host/include -O2 -I/home/fdkit/GPL-AirCam-v1.2/openwrt/staging_dir/host/include conftest.c >&5
configure:8425: $? = 0
configure:8428: test -z 			 || test ! -s conftest.err
configure:8431: $? = 0
configure:8434: test -s conftest.o
configure:8437: $? = 0
configure:8448: result: yes
configure:8466: checking for unistd.h
configure:8471: result: yes
configure:8475: checking vfork.h usability
configure:8487: x86_64-redhat-linux-gcc -c -O2 -I/home/fdkit/GPL-AirCam-v1.2/openwrt/staging_dir/host/include -O2 -I/home/fdkit/GPL-AirCam-v1.2/openwrt/staging_dir/host/include conftest.c >&5
conftest.c:83:19: error: vfork.h: No such file or directory
configure:8493: $? = 1
configure: failed program was:
| /* confdefs.h.  */
| 
| #define PACKAGE_NAME "the fast lexical analyser generator"
| #define PACKAGE_TARNAME "flex"
| #define PACKAGE_VERSION "2.5.35"
| #define PACKAGE_STRING "the fast lexical analyser generator 2.5.35"
| #define PACKAGE_BUGREPORT "flex-help@lists.sourceforge.net"
| #define PACKAGE "flex"
| #define VERSION "2.5.35"
| #define ENABLE_NLS 1
| #define HAVE_GETTEXT 1
| #define HAVE_DCGETTEXT 1
| #define YYTEXT_POINTER 1
| #ifdef __cplusplus
| extern "C" void exit (int) throw ();
| #endif
| #define M4 "/home/fdkit/GPL-AirCam-v1.2/openwrt/staging_dir/host/bin/m4"
| #define HAVE_ALLOCA_H 1
| #define HAVE_ALLOCA 1
| #define STDC_HEADERS 1
| #define HAVE_SYS_WAIT_H 1
| #define HAVE_SYS_TYPES_H 1
| #define HAVE_SYS_STAT_H 1
| #define HAVE_STDLIB_H 1
| #define HAVE_STRING_H 1
| #define HAVE_MEMORY_H 1
| #define HAVE_STRINGS_H 1
| #define HAVE_INTTYPES_H 1
| #define HAVE_STDINT_H 1
| #define HAVE_UNISTD_H 1
| #define HAVE_INTTYPES_H 1
| #define HAVE_LIBINTL_H 1
| #define HAVE_LIMITS_H 1
| #define HAVE_LOCALE_H 1
| #define HAVE_MALLOC_H 1
| #define HAVE_NETINET_IN_H 1
| #define HAVE_STDDEF_H 1
| #define HAVE_STDLIB_H 1
| #define HAVE_STRING_H 1
| #define HAVE_STRINGS_H 1
| #define HAVE_UNISTD_H 1
| #define HAVE_LIBM 1
| #define HAVE_LIBPTHREAD 1
| #define HAVE_PTHREAD_H 1
| #define HAVE__BOOL 1
| #define HAVE_STDBOOL_H 1
| #define HAVE_UNISTD_H 1
| /* end confdefs.h.  */
| #include <stdio.h>
| #if HAVE_SYS_TYPES_H
| # include <sys/types.h>
| #endif
| #if HAVE_SYS_STAT_H
| # include <sys/stat.h>
| #endif
| #if STDC_HEADERS
| # include <stdlib.h>
| # include <stddef.h>
| #else
| # if HAVE_STDLIB_H
| #  include <stdlib.h>
| # endif
| #endif
| #if HAVE_STRING_H
| # if !STDC_HEADERS && HAVE_MEMORY_H
| #  include <memory.h>
| # endif
| # include <string.h>
| #endif
| #if HAVE_STRINGS_H
| # include <strings.h>
| #endif
| #if HAVE_INTTYPES_H
| # include <inttypes.h>
| #else
| # if HAVE_STDINT_H
| #  include <stdint.h>
| # endif
| #endif
| #if HAVE_UNISTD_H
| # include <unistd.h>
| #endif
| #include <vfork.h>
configure:8515: result: no
configure:8519: checking vfork.h presence
configure:8529: x86_64-redhat-linux-gcc -E -O2 -I/home/fdkit/GPL-AirCam-v1.2/openwrt/staging_dir/host/include conftest.c
conftest.c:49:19: error: vfork.h: No such file or directory
configure:8535: $? = 1
configure: failed program was:
| /* confdefs.h.  */
| 
| #define PACKAGE_NAME "the fast lexical analyser generator"
| #define PACKAGE_TARNAME "flex"
| #define PACKAGE_VERSION "2.5.35"
| #define PACKAGE_STRING "the fast lexical analyser generator 2.5.35"
| #define PACKAGE_BUGREPORT "flex-help@lists.sourceforge.net"
| #define PACKAGE "flex"
| #define VERSION "2.5.35"
| #define ENABLE_NLS 1
| #define HAVE_GETTEXT 1
| #define HAVE_DCGETTEXT 1
| #define YYTEXT_POINTER 1
| #ifdef __cplusplus
| extern "C" void exit (int) throw ();
| #endif
| #define M4 "/home/fdkit/GPL-AirCam-v1.2/openwrt/staging_dir/host/bin/m4"
| #define HAVE_ALLOCA_H 1
| #define HAVE_ALLOCA 1
| #define STDC_HEADERS 1
| #define HAVE_SYS_WAIT_H 1
| #define HAVE_SYS_TYPES_H 1
| #define HAVE_SYS_STAT_H 1
| #define HAVE_STDLIB_H 1
| #define HAVE_STRING_H 1
| #define HAVE_MEMORY_H 1
| #define HAVE_STRINGS_H 1
| #define HAVE_INTTYPES_H 1
| #define HAVE_STDINT_H 1
| #define HAVE_UNISTD_H 1
| #define HAVE_INTTYPES_H 1
| #define HAVE_LIBINTL_H 1
| #define HAVE_LIMITS_H 1
| #define HAVE_LOCALE_H 1
| #define HAVE_MALLOC_H 1
| #define HAVE_NETINET_IN_H 1
| #define HAVE_STDDEF_H 1
| #define HAVE_STDLIB_H 1
| #define HAVE_STRING_H 1
| #define HAVE_STRINGS_H 1
| #define HAVE_UNISTD_H 1
| #define HAVE_LIBM 1
| #define HAVE_LIBPTHREAD 1
| #define HAVE_PTHREAD_H 1
| #define HAVE__BOOL 1
| #define HAVE_STDBOOL_H 1
| #define HAVE_UNISTD_H 1
| /* end confdefs.h.  */
| #include <vfork.h>
configure:8555: result: no
configure:8590: checking for vfork.h
configure:8597: result: no
configure:8615: checking for fork
configure:8672: x86_64-redhat-linux-gcc -o conftest -O2 -I/home/fdkit/GPL-AirCam-v1.2/openwrt/staging_dir/host/include -O2 -I/home/fdkit/GPL-AirCam-v1.2/openwrt/staging_dir/host/include -L/home/fdkit/GPL-AirCam-v1.2/openwrt/staging_dir/host/lib conftest.c -lm  >&5
conftest.c:73: warning: conflicting types for built-in function 'fork'
configure:8678: $? = 0
configure:8681: test -z 			 || test ! -s conftest.err
configure:8684: $? = 0
configure:8687: test -s conftest
configure:8690: $? = 0
configure:8702: result: yes
configure:8615: checking for vfork
configure:8672: x86_64-redhat-linux-gcc -o conftest -O2 -I/home/fdkit/GPL-AirCam-v1.2/openwrt/staging_dir/host/include -O2 -I/home/fdkit/GPL-AirCam-v1.2/openwrt/staging_dir/host/include -L/home/fdkit/GPL-AirCam-v1.2/openwrt/staging_dir/host/lib conftest.c -lm  >&5
configure:8678: $? = 0
configure:8681: test -z 			 || test ! -s conftest.err
configure:8684: $? = 0
configure:8687: test -s conftest
configure:8690: $? = 0
configure:8702: result: yes
configure:8713: checking for working fork
configure:8742: x86_64-redhat-linux-gcc -o conftest -O2 -I/home/fdkit/GPL-AirCam-v1.2/openwrt/staging_dir/host/include -O2 -I/home/fdkit/GPL-AirCam-v1.2/openwrt/staging_dir/host/include -L/home/fdkit/GPL-AirCam-v1.2/openwrt/staging_dir/host/lib conftest.c -lm  >&5
configure:8745: $? = 0
configure:8747: ./conftest
configure:8750: $? = 0
configure:8764: result: yes
configure:8785: checking for working vfork
configure:8918: result: yes
configure:8954: checking for stdlib.h
configure:8959: result: yes
configure:9098: checking for GNU libc compatible malloc
configure:9127: x86_64-redhat-linux-gcc -o conftest -O2 -I/home/fdkit/GPL-AirCam-v1.2/openwrt/staging_dir/host/include -O2 -I/home/fdkit/GPL-AirCam-v1.2/openwrt/staging_dir/host/include -L/home/fdkit/GPL-AirCam-v1.2/openwrt/staging_dir/host/lib conftest.c -lm  >&5
configure:9130: $? = 0
configure:9132: ./conftest
configure:9135: $? = 0
configure:9149: result: yes
configure:9184: checking for stdlib.h
configure:9189: result: yes
configure:9328: checking for GNU libc compatible realloc
configure:9357: x86_64-redhat-linux-gcc -o conftest -O2 -I/home/fdkit/GPL-AirCam-v1.2/openwrt/staging_dir/host/include -O2 -I/home/fdkit/GPL-AirCam-v1.2/openwrt/staging_dir/host/include -L/home/fdkit/GPL-AirCam-v1.2/openwrt/staging_dir/host/lib conftest.c -lm  >&5
configure:9360: $? = 0
configure:9362: ./conftest
configure:9365: $? = 0
configure:9379: result: yes
configure:9420: checking for dup2
configure:9477: x86_64-redhat-linux-gcc -o conftest -O2 -I/home/fdkit/GPL-AirCam-v1.2/openwrt/staging_dir/host/include -O2 -I/home/fdkit/GPL-AirCam-v1.2/openwrt/staging_dir/host/include -L/home/fdkit/GPL-AirCam-v1.2/openwrt/staging_dir/host/lib conftest.c -lm  >&5
configure:9483: $? = 0
configure:9486: test -z 			 || test ! -s conftest.err
configure:9489: $? = 0
configure:9492: test -s conftest
configure:9495: $? = 0
configure:9507: result: yes
configure:9420: checking for isascii
configure:9477: x86_64-redhat-linux-gcc -o conftest -O2 -I/home/fdkit/GPL-AirCam-v1.2/openwrt/staging_dir/host/include -O2 -I/home/fdkit/GPL-AirCam-v1.2/openwrt/staging_dir/host/include -L/home/fdkit/GPL-AirCam-v1.2/openwrt/staging_dir/host/lib conftest.c -lm  >&5
conftest.c:82: warning: conflicting types for built-in function 'isascii'
configure:9483: $? = 0
configure:9486: test -z 			 || test ! -s conftest.err
configure:9489: $? = 0
configure:9492: test -s conftest
configure:9495: $? = 0
configure:9507: result: yes
configure:9420: checking for memset
configure:9477: x86_64-redhat-linux-gcc -o conftest -O2 -I/home/fdkit/GPL-AirCam-v1.2/openwrt/staging_dir/host/include -O2 -I/home/fdkit/GPL-AirCam-v1.2/openwrt/staging_dir/host/include -L/home/fdkit/GPL-AirCam-v1.2/openwrt/staging_dir/host/lib conftest.c -lm  >&5
conftest.c:83: warning: conflicting types for built-in function 'memset'
configure:9483: $? = 0
configure:9486: test -z 			 || test ! -s conftest.err
configure:9489: $? = 0
configure:9492: test -s conftest
configure:9495: $? = 0
configure:9507: result: yes
configure:9420: checking for pow
configure:9477: x86_64-redhat-linux-gcc -o conftest -O2 -I/home/fdkit/GPL-AirCam-v1.2/openwrt/staging_dir/host/include -O2 -I/home/fdkit/GPL-AirCam-v1.2/openwrt/staging_dir/host/include -L/home/fdkit/GPL-AirCam-v1.2/openwrt/staging_dir/host/lib conftest.c -lm  >&5
conftest.c:84: warning: conflicting types for built-in function 'pow'
configure:9483: $? = 0
configure:9486: test -z 			 || test ! -s conftest.err
configure:9489: $? = 0
configure:9492: test -s conftest
configure:9495: $? = 0
configure:9507: result: yes
configure:9420: checking for regcomp
configure:9477: x86_64-redhat-linux-gcc -o conftest -O2 -I/home/fdkit/GPL-AirCam-v1.2/openwrt/staging_dir/host/include -O2 -I/home/fdkit/GPL-AirCam-v1.2/openwrt/staging_dir/host/include -L/home/fdkit/GPL-AirCam-v1.2/openwrt/staging_dir/host/lib conftest.c -lm  >&5
configure:9483: $? = 0
configure:9486: test -z 			 || test ! -s conftest.err
configure:9489: $? = 0
configure:9492: test -s conftest
configure:9495: $? = 0
configure:9507: result: yes
configure:9420: checking for setlocale
configure:9477: x86_64-redhat-linux-gcc -o conftest -O2 -I/home/fdkit/GPL-AirCam-v1.2/openwrt/staging_dir/host/include -O2 -I/home/fdkit/GPL-AirCam-v1.2/openwrt/staging_dir/host/include -L/home/fdkit/GPL-AirCam-v1.2/openwrt/staging_dir/host/lib conftest.c -lm  >&5
configure:9483: $? = 0
configure:9486: test -z 			 || test ! -s conftest.err
configure:9489: $? = 0
configure:9492: test -s conftest
configure:9495: $? = 0
configure:9507: result: yes
configure:9420: checking for strchr
configure:9477: x86_64-redhat-linux-gcc -o conftest -O2 -I/home/fdkit/GPL-AirCam-v1.2/openwrt/staging_dir/host/include -O2 -I/home/fdkit/GPL-AirCam-v1.2/openwrt/staging_dir/host/include -L/home/fdkit/GPL-AirCam-v1.2/openwrt/staging_dir/host/lib conftest.c -lm  >&5
conftest.c:87: warning: conflicting types for built-in function 'strchr'
configure:9483: $? = 0
configure:9486: test -z 			 || test ! -s conftest.err
configure:9489: $? = 0
configure:9492: test -s conftest
configure:9495: $? = 0
configure:9507: result: yes
configure:9420: checking for strtol
configure:9477: x86_64-redhat-linux-gcc -o conftest -O2 -I/home/fdkit/GPL-AirCam-v1.2/openwrt/staging_dir/host/include -O2 -I/home/fdkit/GPL-AirCam-v1.2/openwrt/staging_dir/host/include -L/home/fdkit/GPL-AirCam-v1.2/openwrt/staging_dir/host/lib conftest.c -lm  >&5
configure:9483: $? = 0
configure:9486: test -z 			 || test ! -s conftest.err
configure:9489: $? = 0
configure:9492: test -s conftest
configure:9495: $? = 0
configure:9507: result: yes
configure:9644: creating ./config.status

## ---------------------- ##
## Running config.status. ##
## ---------------------- ##

This file was extended by the fast lexical analyser generator config.status 2.5.35, which was
generated by GNU Autoconf 2.59.  Invocation command line was

  CONFIG_FILES    = 
  CONFIG_HEADERS  = 
  CONFIG_LINKS    = 
  CONFIG_COMMANDS = 
  $ ./config.status 

on discordy

config.status:829: creating Makefile
config.status:829: creating doc/Makefile
config.status:829: creating examples/Makefile
config.status:829: creating examples/fastwc/Makefile
config.status:829: creating examples/manual/Makefile
config.status:829: creating m4/Makefile
config.status:829: creating po/Makefile.in
config.status:829: creating tools/Makefile
config.status:829: creating tests/Makefile
config.status:829: creating tests/TEMPLATE/Makefile
config.status:829: creating tests/test-array-nr/Makefile
config.status:829: creating tests/test-array-r/Makefile
config.status:829: creating tests/test-basic-nr/Makefile
config.status:829: creating tests/test-basic-r/Makefile
config.status:829: creating tests/test-bison-yylloc/Makefile
config.status:829: creating tests/test-bison-yylval/Makefile
config.status:829: creating tests/test-c-cpp-nr/Makefile
config.status:829: creating tests/test-c-cpp-r/Makefile
config.status:829: creating tests/test-header-nr/Makefile
config.status:829: creating tests/test-header-r/Makefile
config.status:829: creating tests/test-include-by-buffer/Makefile
config.status:829: creating tests/test-include-by-push/Makefile
config.status:829: creating tests/test-include-by-reentrant/Makefile
config.status:829: creating tests/test-multiple-scanners-nr/Makefile
config.status:829: creating tests/test-multiple-scanners-r/Makefile
config.status:829: creating tests/test-noansi-nr/Makefile
config.status:829: creating tests/test-noansi-r/Makefile
config.status:829: creating tests/test-prefix-nr/Makefile
config.status:829: creating tests/test-prefix-r/Makefile
config.status:829: creating tests/test-pthread/Makefile
config.status:829: creating tests/test-string-nr/Makefile
config.status:829: creating tests/test-string-r/Makefile
config.status:829: creating tests/test-yyextra/Makefile
config.status:829: creating tests/test-alloc-extra/Makefile
config.status:829: creating tests/test-lineno-nr/Makefile
config.status:829: creating tests/test-lineno-r/Makefile
config.status:829: creating tests/test-linedir-r/Makefile
config.status:829: creating tests/test-debug-r/Makefile
config.status:829: creating tests/test-debug-nr/Makefile
config.status:829: creating tests/test-mem-nr/Makefile
config.status:829: creating tests/test-mem-r/Makefile
config.status:829: creating tests/test-posix/Makefile
config.status:829: creating tests/test-posixly-correct/Makefile
config.status:829: creating tests/test-table-opts/Makefile
config.status:829: creating tests/test-c++-basic/Makefile
config.status:829: creating tests/test-bison-nr/Makefile
config.status:829: creating tests/test-reject/Makefile
config.status:829: creating tests/test-c++-multiple-scanners/Makefile
config.status:829: creating tests/test-top/Makefile
config.status:829: creating tests/test-rescan-nr/Makefile
config.status:829: creating tests/test-rescan-r/Makefile
config.status:829: creating tests/test-quotes/Makefile
config.status:829: creating tests/test-ccl/Makefile
config.status:829: creating tests/test-extended/Makefile
config.status:829: creating tests/test-c++-yywrap/Makefile
config.status:829: creating tests/test-concatenated-options/Makefile
config.status:895: creating config.h
config.status:1281: executing default-1 commands
config.status:1281: executing depfiles commands

## ---------------- ##
## Cache variables. ##
## ---------------- ##

ac_cv_build=x86_64-redhat-linux-gnu
ac_cv_build_alias=x86_64-redhat-linux
ac_cv_c_compiler_gnu=yes
ac_cv_c_const=yes
ac_cv_cxx_compiler_gnu=yes
ac_cv_env_CC_set=
ac_cv_env_CC_value=
ac_cv_env_CFLAGS_set=set
ac_cv_env_CFLAGS_value='-O2 -I/home/fdkit/GPL-AirCam-v1.2/openwrt/staging_dir/host/include'
ac_cv_env_CPPFLAGS_set=set
ac_cv_env_CPPFLAGS_value='-O2 -I/home/fdkit/GPL-AirCam-v1.2/openwrt/staging_dir/host/include'
ac_cv_env_CPP_set=
ac_cv_env_CPP_value=
ac_cv_env_CXXFLAGS_set=
ac_cv_env_CXXFLAGS_value=
ac_cv_env_CXX_set=
ac_cv_env_CXX_value=
ac_cv_env_LDFLAGS_set=set
ac_cv_env_LDFLAGS_value=-L/home/fdkit/GPL-AirCam-v1.2/openwrt/staging_dir/host/lib
ac_cv_env_build_alias_set=set
ac_cv_env_build_alias_value=x86_64-redhat-linux
ac_cv_env_host_alias_set=set
ac_cv_env_host_alias_value=x86_64-redhat-linux
ac_cv_env_target_alias_set=set
ac_cv_env_target_alias_value=x86_64-redhat-linux
ac_cv_exeext=
ac_cv_func_alloca_works=yes
ac_cv_func_dup2=yes
ac_cv_func_fork=yes
ac_cv_func_fork_works=yes
ac_cv_func_isascii=yes
ac_cv_func_malloc_0_nonnull=yes
ac_cv_func_memset=yes
ac_cv_func_pow=yes
ac_cv_func_realloc_0_nonnull=yes
ac_cv_func_regcomp=yes
ac_cv_func_setlocale=yes
ac_cv_func_strchr=yes
ac_cv_func_strtol=yes
ac_cv_func_vfork=yes
ac_cv_func_vfork_works=yes
ac_cv_header_inttypes_h=yes
ac_cv_header_libintl_h=yes
ac_cv_header_limits_h=yes
ac_cv_header_locale_h=yes
ac_cv_header_malloc_h=yes
ac_cv_header_memory_h=yes
ac_cv_header_netinet_in_h=yes
ac_cv_header_pthread_h=yes
ac_cv_header_stdbool_h=yes
ac_cv_header_stdc=yes
ac_cv_header_stddef_h=yes
ac_cv_header_stdint_h=yes
ac_cv_header_stdlib_h=yes
ac_cv_header_string_h=yes
ac_cv_header_strings_h=yes
ac_cv_header_sys_stat_h=yes
ac_cv_header_sys_types_h=yes
ac_cv_header_sys_wait_h=yes
ac_cv_header_unistd_h=yes
ac_cv_header_vfork_h=no
ac_cv_host=x86_64-redhat-linux-gnu
ac_cv_host_alias=x86_64-redhat-linux
ac_cv_lib_fl_yywrap=yes
ac_cv_lib_m_log10=yes
ac_cv_lib_pthread_pthread_mutex_lock=yes
ac_cv_objext=o
ac_cv_path_BISON=bison
ac_cv_path_GMSGFMT=:
ac_cv_path_HELP2MAN=help2man
ac_cv_path_INDENT=indent
ac_cv_path_M4=/home/fdkit/GPL-AirCam-v1.2/openwrt/staging_dir/host/bin/m4
ac_cv_path_MSGFMT=:
ac_cv_path_MSGMERGE=:
ac_cv_path_XGETTEXT=:
ac_cv_path_install='/usr/bin/install -c'
ac_cv_prog_AWK=gawk
ac_cv_prog_CC=x86_64-redhat-linux-gcc
ac_cv_prog_CPP='x86_64-redhat-linux-gcc -E'
ac_cv_prog_CXX=x86_64-redhat-linux-g++
ac_cv_prog_LEX=flex
ac_cv_prog_ac_ct_RANLIB=ranlib
ac_cv_prog_cc_g=yes
ac_cv_prog_cc_stdc=
ac_cv_prog_cxx_g=yes
ac_cv_prog_egrep='grep -E'
ac_cv_prog_lex_root=lex.yy
ac_cv_prog_lex_yytext_pointer=yes
ac_cv_prog_make_make_set=yes
ac_cv_type__Bool=yes
ac_cv_type_pid_t=yes
ac_cv_type_size_t=yes
ac_cv_working_alloca_h=yes
acl_cv_hardcode_direct=no
acl_cv_hardcode_libdir_flag_spec='${wl}-rpath ${wl}$libdir'
acl_cv_hardcode_libdir_separator=
acl_cv_hardcode_minus_L=no
acl_cv_libext=a
acl_cv_path_LD=/usr/bin/ld
acl_cv_prog_gnu_ld=yes
acl_cv_rpath=done
acl_cv_shlibext=so
acl_cv_wl=-Wl,
am_cv_CC_dependencies_compiler_type=gcc3
am_cv_CXX_dependencies_compiler_type=gcc3
gt_cv_func_gnugettext1_libc=yes

## ----------------- ##
## Output variables. ##
## ----------------- ##

ACLOCAL='${SHELL} /home/fdkit/GPL-AirCam-v1.2/openwrt/build_dir/host/flex-2.5.35/missing --run aclocal-1.9'
ALLOCA=''
AMDEPBACKSLASH='\'
AMDEP_FALSE='#'
AMDEP_TRUE=''
AMTAR='${SHELL} /home/fdkit/GPL-AirCam-v1.2/openwrt/build_dir/host/flex-2.5.35/missing --run tar'
AUTOCONF='${SHELL} /home/fdkit/GPL-AirCam-v1.2/openwrt/build_dir/host/flex-2.5.35/missing --run autoconf'
AUTOHEADER='${SHELL} /home/fdkit/GPL-AirCam-v1.2/openwrt/build_dir/host/flex-2.5.35/missing --run autoheader'
AUTOMAKE='${SHELL} /home/fdkit/GPL-AirCam-v1.2/openwrt/build_dir/host/flex-2.5.35/missing --run automake-1.9'
AWK='gawk'
BISON='bison'
CC='x86_64-redhat-linux-gcc'
CCDEPMODE='depmode=gcc3'
CFLAGS='-O2 -I/home/fdkit/GPL-AirCam-v1.2/openwrt/staging_dir/host/include'
CPP='x86_64-redhat-linux-gcc -E'
CPPFLAGS='-O2 -I/home/fdkit/GPL-AirCam-v1.2/openwrt/staging_dir/host/include'
CXX='x86_64-redhat-linux-g++'
CXXDEPMODE='depmode=gcc3'
CXXFLAGS='-g -O2'
CYGPATH_W='echo'
DEFS='-DHAVE_CONFIG_H'
DEPDIR='.deps'
ECHO_C=''
ECHO_N='-n'
ECHO_T=''
EGREP='grep -E'
EXEEXT=''
GMSGFMT=':'
HELP2MAN='help2man'
INDENT='indent'
INSTALL_DATA='${INSTALL} -m 644'
INSTALL_PROGRAM='${INSTALL}'
INSTALL_SCRIPT='${INSTALL}'
INSTALL_STRIP_PROGRAM='${SHELL} $(install_sh) -c -s'
INTLLIBS=''
LDFLAGS='-L/home/fdkit/GPL-AirCam-v1.2/openwrt/staging_dir/host/lib'
LEX='flex'
LEXLIB='-lfl'
LEX_OUTPUT_ROOT='lex.yy'
LIBICONV='-liconv'
LIBINTL=''
LIBOBJS=''
LIBS='-lm '
LN_S='ln -s'
LTLIBICONV='-liconv'
LTLIBINTL=''
LTLIBOBJS=''
M4='/home/fdkit/GPL-AirCam-v1.2/openwrt/staging_dir/host/bin/m4'
MAKEINFO='${SHELL} /home/fdkit/GPL-AirCam-v1.2/openwrt/build_dir/host/flex-2.5.35/missing --run makeinfo'
MKINSTALLDIRS='$(top_builddir)/./mkinstalldirs'
MSGFMT=':'
MSGMERGE=':'
OBJEXT='o'
PACKAGE='flex'
PACKAGE_BUGREPORT='flex-help@lists.sourceforge.net'
PACKAGE_NAME='the fast lexical analyser generator'
PACKAGE_STRING='the fast lexical analyser generator 2.5.35'
PACKAGE_TARNAME='flex'
PACKAGE_VERSION='2.5.35'
PATH_SEPARATOR=':'
POSUB='po'
RANLIB='ranlib'
SET_MAKE=''
SHELL='/bin/bash'
STRIP=''
USE_NLS='yes'
VERSION='2.5.35'
XGETTEXT=':'
YACC='yacc'
ac_ct_CC=''
ac_ct_CXX=''
ac_ct_RANLIB='ranlib'
ac_ct_STRIP=''
am__fastdepCC_FALSE='#'
am__fastdepCC_TRUE=''
am__fastdepCXX_FALSE='#'
am__fastdepCXX_TRUE=''
am__include='include'
am__leading_dot='.'
am__quote=''
am__tar='${AMTAR} chof - "$$tardir"'
am__untar='${AMTAR} xf -'
bindir='${exec_prefix}/bin'
build='x86_64-redhat-linux-gnu'
build_alias='x86_64-redhat-linux'
build_cpu='x86_64'
build_os='linux-gnu'
build_vendor='redhat'
datadir='${prefix}/share'
exec_prefix='/home/fdkit/GPL-AirCam-v1.2/openwrt/staging_dir/host'
host='x86_64-redhat-linux-gnu'
host_alias='x86_64-redhat-linux'
host_cpu='x86_64'
host_os='linux-gnu'
host_vendor='redhat'
includedir='${prefix}/include'
infodir='${prefix}/info'
install_sh='/home/fdkit/GPL-AirCam-v1.2/openwrt/build_dir/host/flex-2.5.35/install-sh'
libdir='${exec_prefix}/lib'
libexecdir='${exec_prefix}/libexec'
localstatedir='/home/fdkit/GPL-AirCam-v1.2/openwrt/staging_dir/host/var'
mandir='${prefix}/man'
mkdir_p='mkdir -p --'
oldincludedir='/usr/include'
prefix='/home/fdkit/GPL-AirCam-v1.2/openwrt/staging_dir/host'
program_transform_name='s,$$,,;s,^,,'
sbindir='/home/fdkit/GPL-AirCam-v1.2/openwrt/staging_dir/host/bin'
sharedstatedir='${prefix}/com'
sysconfdir='/home/fdkit/GPL-AirCam-v1.2/openwrt/staging_dir/host/etc'
target_alias='x86_64-redhat-linux'

## ----------- ##
## confdefs.h. ##
## ----------- ##

#define ENABLE_NLS 1
#define HAVE_ALLOCA 1
#define HAVE_ALLOCA_H 1
#define HAVE_DCGETTEXT 1
#define HAVE_DUP2 1
#define HAVE_FORK 1
#define HAVE_GETTEXT 1
#define HAVE_INTTYPES_H 1
#define HAVE_INTTYPES_H 1
#define HAVE_ISASCII 1
#define HAVE_LIBINTL_H 1
#define HAVE_LIBM 1
#define HAVE_LIBPTHREAD 1
#define HAVE_LIMITS_H 1
#define HAVE_LOCALE_H 1
#define HAVE_MALLOC 1
#define HAVE_MALLOC_H 1
#define HAVE_MEMORY_H 1
#define HAVE_MEMSET 1
#define HAVE_NETINET_IN_H 1
#define HAVE_POW 1
#define HAVE_PTHREAD_H 1
#define HAVE_REALLOC 1
#define HAVE_REGCOMP 1
#define HAVE_SETLOCALE 1
#define HAVE_STDBOOL_H 1
#define HAVE_STDDEF_H 1
#define HAVE_STDINT_H 1
#define HAVE_STDLIB_H 1
#define HAVE_STDLIB_H 1
#define HAVE_STDLIB_H 1
#define HAVE_STDLIB_H 1
#define HAVE_STRCHR 1
#define HAVE_STRINGS_H 1
#define HAVE_STRINGS_H 1
#define HAVE_STRING_H 1
#define HAVE_STRING_H 1
#define HAVE_STRTOL 1
#define HAVE_SYS_STAT_H 1
#define HAVE_SYS_TYPES_H 1
#define HAVE_SYS_WAIT_H 1
#define HAVE_UNISTD_H 1
#define HAVE_UNISTD_H 1
#define HAVE_UNISTD_H 1
#define HAVE_VFORK 1
#define HAVE_WORKING_FORK 1
#define HAVE_WORKING_VFORK 1
#define HAVE__BOOL 1
#define M4 "/home/fdkit/GPL-AirCam-v1.2/openwrt/staging_dir/host/bin/m4"
#define PACKAGE "flex"
#define PACKAGE_BUGREPORT "flex-help@lists.sourceforge.net"
#define PACKAGE_NAME "the fast lexical analyser generator"
#define PACKAGE_STRING "the fast lexical analyser generator 2.5.35"
#define PACKAGE_TARNAME "flex"
#define PACKAGE_VERSION "2.5.35"
#define STDC_HEADERS 1
#define VERSION "2.5.35"
#define YYTEXT_POINTER 1
#endif
#ifdef __cplusplus
extern "C" void exit (int) throw ();

configure: exit 0
